[10-Jul-2019 21:27:55 Asia/Tashkent] Enabled PHP logging
[10-Jul-2019 21:27:56 Asia/Tashkent] Enabled PHP logging
Logger:         	MadelineProto
Logger:         	Copyright (C) 2016-2019 Daniil Gentili
Logger:         	Licensed under AGPLv3
Logger:         	https://github.com/danog/MadelineProto
API:            	Waiting for shared lock of serialization lockfile...
API:            	Shared lock acquired, deserializing...
[10-Jul-2019 21:27:56 Asia/Tashkent] Enabled PHP logging
[10-Jul-2019 21:27:56 Asia/Tashkent] Enabled PHP logging
[10-Jul-2019 21:27:57 Asia/Tashkent] Enabled PHP logging
APIFactory:     	Didn't serialize in a while, doing that now...
API:            	Serializing MadelineProto...
API:            	Waiting for exclusive lock of serialization lockfile...
API:            	Lock acquired, serializing
API:            	Done serializing
API:            	MadelineProto is ready!
API:            	Serializing MadelineProto...
API:            	Waiting for exclusive lock of serialization lockfile...
API:            	Lock acquired, serializing
API:            	Done serializing
[10-Jul-2019 21:30:57 Asia/Tashkent] Enabled PHP logging
[10-Jul-2019 21:30:57 Asia/Tashkent] Enabled PHP logging
Logger:         	MadelineProto
Logger:         	Copyright (C) 2016-2019 Daniil Gentili
Logger:         	Licensed under AGPLv3
Logger:         	https://github.com/danog/MadelineProto
API:            	Waiting for shared lock of serialization lockfile...
API:            	Shared lock acquired, deserializing...
[10-Jul-2019 21:30:57 Asia/Tashkent] Enabled PHP logging
[10-Jul-2019 21:30:57 Asia/Tashkent] Enabled PHP logging
[10-Jul-2019 21:30:58 Asia/Tashkent] Enabled PHP logging
APIFactory:     	Didn't serialize in a while, doing that now...
API:            	Serializing MadelineProto...
API:            	Waiting for exclusive lock of serialization lockfile...
API:            	Lock acquired, serializing
API:            	Done serializing
API:            	MadelineProto is ready!
API:            	Serializing MadelineProto...
API:            	Waiting for exclusive lock of serialization lockfile...
API:            	Lock acquired, serializing
API:            	Done serializing
[10-Jul-2019 21:31:41 Asia/Tashkent] Enabled PHP logging
[10-Jul-2019 21:31:42 Asia/Tashkent] Enabled PHP logging
Logger:         	MadelineProto
Logger:         	Copyright (C) 2016-2019 Daniil Gentili
Logger:         	Licensed under AGPLv3
Logger:         	https://github.com/danog/MadelineProto
API:            	Waiting for shared lock of serialization lockfile...
API:            	Shared lock acquired, deserializing...
[10-Jul-2019 21:31:42 Asia/Tashkent] Enabled PHP logging
[10-Jul-2019 21:31:42 Asia/Tashkent] Enabled PHP logging
[10-Jul-2019 21:31:43 Asia/Tashkent] Enabled PHP logging
APIFactory:     	Didn't serialize in a while, doing that now...
API:            	Serializing MadelineProto...
API:            	Waiting for exclusive lock of serialization lockfile...
API:            	Lock acquired, serializing
API:            	Done serializing
API:            	MadelineProto is ready!
API:            	Serializing MadelineProto...
API:            	Waiting for exclusive lock of serialization lockfile...
API:            	Lock acquired, serializing
API:            	Done serializing
[10-Jul-2019 21:49:45 Asia/Tashkent] Enabled PHP logging
[10-Jul-2019 21:49:46 Asia/Tashkent] Enabled PHP logging
Logger:         	MadelineProto
Logger:         	Copyright (C) 2016-2019 Daniil Gentili
Logger:         	Licensed under AGPLv3
Logger:         	https://github.com/danog/MadelineProto
API:            	Waiting for shared lock of serialization lockfile...
API:            	Shared lock acquired, deserializing...
[10-Jul-2019 21:49:46 Asia/Tashkent] Enabled PHP logging
[10-Jul-2019 21:49:46 Asia/Tashkent] Enabled PHP logging
[10-Jul-2019 21:49:47 Asia/Tashkent] Enabled PHP logging
APIFactory:     	Didn't serialize in a while, doing that now...
API:            	Serializing MadelineProto...
API:            	Waiting for exclusive lock of serialization lockfile...
API:            	Lock acquired, serializing
API:            	Done serializing
API:            	MadelineProto is ready!
API:            	Serializing MadelineProto...
API:            	Waiting for exclusive lock of serialization lockfile...
API:            	Lock acquired, serializing
API:            	Done serializing
[10-Jul-2019 22:01:45 Asia/Tashkent] Enabled PHP logging
[10-Jul-2019 22:01:47 Asia/Tashkent] Enabled PHP logging
Logger:         	MadelineProto
Logger:         	Copyright (C) 2016-2019 Daniil Gentili
Logger:         	Licensed under AGPLv3
Logger:         	https://github.com/danog/MadelineProto
API:            	Waiting for shared lock of serialization lockfile...
API:            	Shared lock acquired, deserializing...
[10-Jul-2019 22:01:47 Asia/Tashkent] Enabled PHP logging
[10-Jul-2019 22:01:47 Asia/Tashkent] Enabled PHP logging
[10-Jul-2019 22:01:49 Asia/Tashkent] Enabled PHP logging
APIFactory:     	Didn't serialize in a while, doing that now...
API:            	Serializing MadelineProto...
API:            	Waiting for exclusive lock of serialization lockfile...
API:            	Lock acquired, serializing
API:            	Done serializing
API:            	MadelineProto is ready!
API:            	Serializing MadelineProto...
API:            	Waiting for exclusive lock of serialization lockfile...
API:            	Lock acquired, serializing
API:            	Done serializing
[10-Jul-2019 22:44:16 Asia/Tashkent] Enabled PHP logging
[10-Jul-2019 22:44:17 Asia/Tashkent] Enabled PHP logging
Logger:         	MadelineProto
Logger:         	Copyright (C) 2016-2019 Daniil Gentili
Logger:         	Licensed under AGPLv3
Logger:         	https://github.com/danog/MadelineProto
API:            	Waiting for shared lock of serialization lockfile...
API:            	Shared lock acquired, deserializing...
[10-Jul-2019 22:44:17 Asia/Tashkent] Enabled PHP logging
[10-Jul-2019 22:44:17 Asia/Tashkent] Enabled PHP logging
[10-Jul-2019 22:44:21 Asia/Tashkent] Enabled PHP logging
APIFactory:     	Didn't serialize in a while, doing that now...
API:            	Serializing MadelineProto...
API:            	Waiting for exclusive lock of serialization lockfile...
API:            	Lock acquired, serializing
API:            	Done serializing
API:            	MadelineProto is ready!
API:            	Serializing MadelineProto...
API:            	Waiting for exclusive lock of serialization lockfile...
API:            	Lock acquired, serializing
API:            	Done serializing
[10-Jul-2019 22:47:10 Asia/Tashkent] Enabled PHP logging
[10-Jul-2019 22:47:11 Asia/Tashkent] Enabled PHP logging
Logger:         	MadelineProto
Logger:         	Copyright (C) 2016-2019 Daniil Gentili
Logger:         	Licensed under AGPLv3
Logger:         	https://github.com/danog/MadelineProto
API:            	Shutting down MadelineProto (normally or due to an exception, idk)
API:            	Serializing MadelineProto...
API:            	Waiting for exclusive lock of serialization lockfile...
API:            	Lock acquired, serializing
API:            	Done serializing
[10-Jul-2019 22:47:25 Asia/Tashkent] Enabled PHP logging
[10-Jul-2019 22:47:26 Asia/Tashkent] Enabled PHP logging
Logger:         	MadelineProto
Logger:         	Copyright (C) 2016-2019 Daniil Gentili
Logger:         	Licensed under AGPLv3
Logger:         	https://github.com/danog/MadelineProto
API:            	Waiting for shared lock of serialization lockfile...
API:            	Shared lock acquired, deserializing...
[10-Jul-2019 22:47:26 Asia/Tashkent] Enabled PHP logging
[10-Jul-2019 22:47:26 Asia/Tashkent] Enabled PHP logging
[10-Jul-2019 22:47:27 Asia/Tashkent] Enabled PHP logging
APIFactory:     	Didn't serialize in a while, doing that now...
API:            	Serializing MadelineProto...
API:            	Waiting for exclusive lock of serialization lockfile...
API:            	Lock acquired, serializing
API:            	Done serializing
API:            	MadelineProto is ready!
API:            	Serializing MadelineProto...
API:            	Waiting for exclusive lock of serialization lockfile...
API:            	Lock acquired, serializing
API:            	Done serializing
[10-Jul-2019 22:50:57 Asia/Tashkent] Enabled PHP logging
[10-Jul-2019 22:50:58 Asia/Tashkent] Enabled PHP logging
Logger:         	MadelineProto
Logger:         	Copyright (C) 2016-2019 Daniil Gentili
Logger:         	Licensed under AGPLv3
Logger:         	https://github.com/danog/MadelineProto
API:            	Waiting for shared lock of serialization lockfile...
API:            	Shared lock acquired, deserializing...
[10-Jul-2019 22:50:58 Asia/Tashkent] Enabled PHP logging
[10-Jul-2019 22:50:58 Asia/Tashkent] Enabled PHP logging
[10-Jul-2019 22:51:00 Asia/Tashkent] Enabled PHP logging
APIFactory:     	Didn't serialize in a while, doing that now...
API:            	Serializing MadelineProto...
API:            	Waiting for exclusive lock of serialization lockfile...
API:            	Lock acquired, serializing
API:            	Done serializing
API:            	MadelineProto is ready!
API:            	Serializing MadelineProto...
API:            	Waiting for exclusive lock of serialization lockfile...
API:            	Lock acquired, serializing
API:            	Done serializing
[10-Jul-2019 23:02:43 Asia/Tashkent] Enabled PHP logging
[10-Jul-2019 23:02:44 Asia/Tashkent] Enabled PHP logging
Logger:         	MadelineProto
Logger:         	Copyright (C) 2016-2019 Daniil Gentili
Logger:         	Licensed under AGPLv3
Logger:         	https://github.com/danog/MadelineProto
API:            	Waiting for shared lock of serialization lockfile...
API:            	Shared lock acquired, deserializing...
[10-Jul-2019 23:02:44 Asia/Tashkent] Enabled PHP logging
[10-Jul-2019 23:02:44 Asia/Tashkent] Enabled PHP logging
[10-Jul-2019 23:02:45 Asia/Tashkent] Enabled PHP logging
APIFactory:     	Didn't serialize in a while, doing that now...
API:            	Serializing MadelineProto...
API:            	Waiting for exclusive lock of serialization lockfile...
API:            	Lock acquired, serializing
API:            	Done serializing
API:            	MadelineProto is ready!
API:            	Serializing MadelineProto...
API:            	Waiting for exclusive lock of serialization lockfile...
API:            	Lock acquired, serializing
API:            	Done serializing
[10-Jul-2019 23:05:00 Asia/Tashkent] Enabled PHP logging
[10-Jul-2019 23:05:01 Asia/Tashkent] Enabled PHP logging
Logger:         	MadelineProto
Logger:         	Copyright (C) 2016-2019 Daniil Gentili
Logger:         	Licensed under AGPLv3
Logger:         	https://github.com/danog/MadelineProto
API:            	Waiting for shared lock of serialization lockfile...
API:            	Shared lock acquired, deserializing...
[10-Jul-2019 23:05:01 Asia/Tashkent] Enabled PHP logging
[10-Jul-2019 23:05:01 Asia/Tashkent] Enabled PHP logging
[10-Jul-2019 23:05:02 Asia/Tashkent] Enabled PHP logging
APIFactory:     	Didn't serialize in a while, doing that now...
API:            	Serializing MadelineProto...
API:            	Waiting for exclusive lock of serialization lockfile...
API:            	Lock acquired, serializing
API:            	Done serializing
API:            	Serializing MadelineProto...
API:            	Waiting for exclusive lock of serialization lockfile...
API:            	Lock acquired, serializing
API:            	Done serializing
[10-Jul-2019 23:07:51 Asia/Tashkent] Enabled PHP logging
[10-Jul-2019 23:07:52 Asia/Tashkent] Enabled PHP logging
Logger:         	MadelineProto
Logger:         	Copyright (C) 2016-2019 Daniil Gentili
Logger:         	Licensed under AGPLv3
Logger:         	https://github.com/danog/MadelineProto
API:            	Waiting for shared lock of serialization lockfile...
API:            	Shared lock acquired, deserializing...
[10-Jul-2019 23:07:52 Asia/Tashkent] Enabled PHP logging
[10-Jul-2019 23:07:52 Asia/Tashkent] Enabled PHP logging
[10-Jul-2019 23:07:54 Asia/Tashkent] Enabled PHP logging
APIFactory:     	Didn't serialize in a while, doing that now...
API:            	Serializing MadelineProto...
API:            	Waiting for exclusive lock of serialization lockfile...
API:            	Lock acquired, serializing
API:            	Done serializing
API:            	MadelineProto is ready!
API:            	Serializing MadelineProto...
API:            	Waiting for exclusive lock of serialization lockfile...
API:            	Lock acquired, serializing
API:            	Done serializing
[10-Jul-2019 23:11:30 Asia/Tashkent] Enabled PHP logging
[10-Jul-2019 23:11:31 Asia/Tashkent] Enabled PHP logging
Logger:         	MadelineProto
Logger:         	Copyright (C) 2016-2019 Daniil Gentili
Logger:         	Licensed under AGPLv3
Logger:         	https://github.com/danog/MadelineProto
API:            	Waiting for shared lock of serialization lockfile...
API:            	Shared lock acquired, deserializing...
[10-Jul-2019 23:11:31 Asia/Tashkent] Enabled PHP logging
[10-Jul-2019 23:11:31 Asia/Tashkent] Enabled PHP logging
[10-Jul-2019 23:11:32 Asia/Tashkent] Enabled PHP logging
APIFactory:     	Didn't serialize in a while, doing that now...
API:            	Serializing MadelineProto...
API:            	Waiting for exclusive lock of serialization lockfile...
API:            	Lock acquired, serializing
API:            	Done serializing
API:            	MadelineProto is ready!
Exception:      	Undefined variable: MadelineProto in web.php:25
API:            	Serializing MadelineProto...
API:            	Waiting for exclusive lock of serialization lockfile...
API:            	Lock acquired, serializing
API:            	Done serializing
[10-Jul-2019 23:11:40 Asia/Tashkent] Enabled PHP logging
[10-Jul-2019 23:11:41 Asia/Tashkent] Enabled PHP logging
Logger:         	MadelineProto
Logger:         	Copyright (C) 2016-2019 Daniil Gentili
Logger:         	Licensed under AGPLv3
Logger:         	https://github.com/danog/MadelineProto
API:            	Waiting for shared lock of serialization lockfile...
API:            	Shared lock acquired, deserializing...
[10-Jul-2019 23:11:41 Asia/Tashkent] Enabled PHP logging
[10-Jul-2019 23:11:41 Asia/Tashkent] Enabled PHP logging
[10-Jul-2019 23:11:42 Asia/Tashkent] Enabled PHP logging
APIFactory:     	Didn't serialize in a while, doing that now...
API:            	Serializing MadelineProto...
API:            	Waiting for exclusive lock of serialization lockfile...
API:            	Lock acquired, serializing
API:            	Done serializing
API:            	MadelineProto is ready!
API:            	Serializing MadelineProto...
API:            	Waiting for exclusive lock of serialization lockfile...
API:            	Lock acquired, serializing
API:            	Done serializing
[10-Jul-2019 23:13:01 Asia/Tashkent] Enabled PHP logging
[10-Jul-2019 23:13:01 Asia/Tashkent] Enabled PHP logging
Logger:         	MadelineProto
Logger:         	Copyright (C) 2016-2019 Daniil Gentili
Logger:         	Licensed under AGPLv3
Logger:         	https://github.com/danog/MadelineProto
API:            	Waiting for shared lock of serialization lockfile...
API:            	Shared lock acquired, deserializing...
[10-Jul-2019 23:13:01 Asia/Tashkent] Enabled PHP logging
[10-Jul-2019 23:13:01 Asia/Tashkent] Enabled PHP logging
[10-Jul-2019 23:13:03 Asia/Tashkent] Enabled PHP logging
APIFactory:     	Didn't serialize in a while, doing that now...
API:            	Serializing MadelineProto...
API:            	Waiting for exclusive lock of serialization lockfile...
API:            	Lock acquired, serializing
API:            	Done serializing
API:            	MadelineProto is ready!
API:            	Serializing MadelineProto...
API:            	Waiting for exclusive lock of serialization lockfile...
API:            	Lock acquired, serializing
API:            	Done serializing
[10-Jul-2019 23:16:43 Asia/Tashkent] Enabled PHP logging
[10-Jul-2019 23:16:47 Asia/Tashkent] Enabled PHP logging
Logger:         	MadelineProto
Logger:         	Copyright (C) 2016-2019 Daniil Gentili
Logger:         	Licensed under AGPLv3
Logger:         	https://github.com/danog/MadelineProto
API:            	Waiting for shared lock of serialization lockfile...
API:            	Shared lock acquired, deserializing...
[10-Jul-2019 23:16:47 Asia/Tashkent] Enabled PHP logging
[10-Jul-2019 23:16:48 Asia/Tashkent] Enabled PHP logging
[10-Jul-2019 23:16:49 Asia/Tashkent] Enabled PHP logging
APIFactory:     	Didn't serialize in a while, doing that now...
API:            	Serializing MadelineProto...
API:            	Waiting for exclusive lock of serialization lockfile...
API:            	Lock acquired, serializing
API:            	Done serializing
API:            	MadelineProto is ready!
API:            	Serializing MadelineProto...
API:            	Waiting for exclusive lock of serialization lockfile...
API:            	Lock acquired, serializing
API:            	Done serializing
[10-Jul-2019 23:23:32 Asia/Tashkent] Enabled PHP logging
[10-Jul-2019 23:23:33 Asia/Tashkent] Enabled PHP logging
Logger:         	MadelineProto
Logger:         	Copyright (C) 2016-2019 Daniil Gentili
Logger:         	Licensed under AGPLv3
Logger:         	https://github.com/danog/MadelineProto
API:            	Waiting for shared lock of serialization lockfile...
API:            	Shared lock acquired, deserializing...
[10-Jul-2019 23:23:33 Asia/Tashkent] Enabled PHP logging
[10-Jul-2019 23:23:33 Asia/Tashkent] Enabled PHP logging
[10-Jul-2019 23:23:35 Asia/Tashkent] Enabled PHP logging
APIFactory:     	Didn't serialize in a while, doing that now...
API:            	Serializing MadelineProto...
API:            	Waiting for exclusive lock of serialization lockfile...
API:            	Lock acquired, serializing
API:            	Done serializing
API:            	MadelineProto is ready!
API:            	Serializing MadelineProto...
API:            	Waiting for exclusive lock of serialization lockfile...
API:            	Lock acquired, serializing
API:            	Done serializing
[10-Jul-2019 23:39:56 Asia/Tashkent] Enabled PHP logging
[10-Jul-2019 23:39:57 Asia/Tashkent] Enabled PHP logging
Logger:         	MadelineProto
Logger:         	Copyright (C) 2016-2019 Daniil Gentili
Logger:         	Licensed under AGPLv3
Logger:         	https://github.com/danog/MadelineProto
API:            	Waiting for shared lock of serialization lockfile...
API:            	Shared lock acquired, deserializing...
[10-Jul-2019 23:39:57 Asia/Tashkent] Enabled PHP logging
[10-Jul-2019 23:39:57 Asia/Tashkent] Enabled PHP logging
[10-Jul-2019 23:39:58 Asia/Tashkent] Enabled PHP logging
APIFactory:     	Didn't serialize in a while, doing that now...
API:            	Serializing MadelineProto...
API:            	Waiting for exclusive lock of serialization lockfile...
API:            	Lock acquired, serializing
API:            	Done serializing
API:            	MadelineProto is ready!
Exception:      	touch(): Unable to create file /tmp/263701571_57349.jpg because No such file or directory in Files.php:533
API:            	Serializing MadelineProto...
API:            	Waiting for exclusive lock of serialization lockfile...
API:            	Lock acquired, serializing
API:            	Done serializing
[10-Jul-2019 23:40:28 Asia/Tashkent] Enabled PHP logging
[10-Jul-2019 23:40:29 Asia/Tashkent] Enabled PHP logging
Logger:         	MadelineProto
Logger:         	Copyright (C) 2016-2019 Daniil Gentili
Logger:         	Licensed under AGPLv3
Logger:         	https://github.com/danog/MadelineProto
API:            	Waiting for shared lock of serialization lockfile...
API:            	Shared lock acquired, deserializing...
[10-Jul-2019 23:40:29 Asia/Tashkent] Enabled PHP logging
[10-Jul-2019 23:40:29 Asia/Tashkent] Enabled PHP logging
[10-Jul-2019 23:40:30 Asia/Tashkent] Enabled PHP logging
APIFactory:     	Didn't serialize in a while, doing that now...
API:            	Serializing MadelineProto...
API:            	Waiting for exclusive lock of serialization lockfile...
API:            	Lock acquired, serializing
API:            	Done serializing
API:            	MadelineProto is ready!
Exception:      	Invalid constructor provided: inputFileLocationTemp in Files.php:509
API:            	Serializing MadelineProto...
API:            	Waiting for exclusive lock of serialization lockfile...
API:            	Lock acquired, serializing
API:            	Done serializing
[10-Jul-2019 23:41:53 Asia/Tashkent] Enabled PHP logging
[10-Jul-2019 23:41:53 Asia/Tashkent] Enabled PHP logging
Logger:         	MadelineProto
Logger:         	Copyright (C) 2016-2019 Daniil Gentili
Logger:         	Licensed under AGPLv3
Logger:         	https://github.com/danog/MadelineProto
API:            	Waiting for shared lock of serialization lockfile...
API:            	Shared lock acquired, deserializing...
[10-Jul-2019 23:41:53 Asia/Tashkent] Enabled PHP logging
[10-Jul-2019 23:41:53 Asia/Tashkent] Enabled PHP logging
[10-Jul-2019 23:41:55 Asia/Tashkent] Enabled PHP logging
APIFactory:     	Didn't serialize in a while, doing that now...
API:            	Serializing MadelineProto...
API:            	Waiting for exclusive lock of serialization lockfile...
API:            	Lock acquired, serializing
API:            	Done serializing
API:            	MadelineProto is ready!
Exception:      	Use of undefined constant messages - assumed 'messages' (this will throw an Error in a future version of PHP) in web.php:25
API:            	Serializing MadelineProto...
API:            	Waiting for exclusive lock of serialization lockfile...
API:            	Lock acquired, serializing
API:            	Done serializing
[10-Jul-2019 23:42:04 Asia/Tashkent] Enabled PHP logging
[10-Jul-2019 23:42:05 Asia/Tashkent] Enabled PHP logging
Logger:         	MadelineProto
Logger:         	Copyright (C) 2016-2019 Daniil Gentili
Logger:         	Licensed under AGPLv3
Logger:         	https://github.com/danog/MadelineProto
API:            	Waiting for shared lock of serialization lockfile...
API:            	Shared lock acquired, deserializing...
[10-Jul-2019 23:42:05 Asia/Tashkent] Enabled PHP logging
[10-Jul-2019 23:42:05 Asia/Tashkent] Enabled PHP logging
[10-Jul-2019 23:42:06 Asia/Tashkent] Enabled PHP logging
APIFactory:     	Didn't serialize in a while, doing that now...
API:            	Serializing MadelineProto...
API:            	Waiting for exclusive lock of serialization lockfile...
API:            	Lock acquired, serializing
API:            	Done serializing
API:            	MadelineProto is ready!
API:            	Serializing MadelineProto...
API:            	Waiting for exclusive lock of serialization lockfile...
API:            	Lock acquired, serializing
API:            	Done serializing
[10-Jul-2019 23:42:40 Asia/Tashkent] Enabled PHP logging
[10-Jul-2019 23:42:40 Asia/Tashkent] Enabled PHP logging
Logger:         	MadelineProto
Logger:         	Copyright (C) 2016-2019 Daniil Gentili
Logger:         	Licensed under AGPLv3
Logger:         	https://github.com/danog/MadelineProto
API:            	Waiting for shared lock of serialization lockfile...
API:            	Shared lock acquired, deserializing...
[10-Jul-2019 23:42:40 Asia/Tashkent] Enabled PHP logging
[10-Jul-2019 23:42:40 Asia/Tashkent] Enabled PHP logging
[10-Jul-2019 23:42:42 Asia/Tashkent] Enabled PHP logging
APIFactory:     	Didn't serialize in a while, doing that now...
API:            	Serializing MadelineProto...
API:            	Waiting for exclusive lock of serialization lockfile...
API:            	Lock acquired, serializing
API:            	Done serializing
API:            	MadelineProto is ready!
Exception:      	Invalid constructor provided: inputFileLocationTemp in Files.php:509
API:            	Serializing MadelineProto...
API:            	Waiting for exclusive lock of serialization lockfile...
API:            	Lock acquired, serializing
API:            	Done serializing
[10-Jul-2019 23:44:01 Asia/Tashkent] Enabled PHP logging
[10-Jul-2019 23:44:02 Asia/Tashkent] Enabled PHP logging
Logger:         	MadelineProto
Logger:         	Copyright (C) 2016-2019 Daniil Gentili
Logger:         	Licensed under AGPLv3
Logger:         	https://github.com/danog/MadelineProto
API:            	Waiting for shared lock of serialization lockfile...
API:            	Shared lock acquired, deserializing...
[10-Jul-2019 23:44:02 Asia/Tashkent] Enabled PHP logging
[10-Jul-2019 23:44:02 Asia/Tashkent] Enabled PHP logging
[10-Jul-2019 23:44:03 Asia/Tashkent] Enabled PHP logging
APIFactory:     	Didn't serialize in a while, doing that now...
API:            	Serializing MadelineProto...
API:            	Waiting for exclusive lock of serialization lockfile...
API:            	Lock acquired, serializing
API:            	Done serializing
API:            	MadelineProto is ready!
API:            	Serializing MadelineProto...
API:            	Waiting for exclusive lock of serialization lockfile...
API:            	Lock acquired, serializing
API:            	Done serializing
[10-Jul-2019 23:45:40 Asia/Tashkent] Enabled PHP logging
[10-Jul-2019 23:45:41 Asia/Tashkent] Enabled PHP logging
Logger:         	MadelineProto
Logger:         	Copyright (C) 2016-2019 Daniil Gentili
Logger:         	Licensed under AGPLv3
Logger:         	https://github.com/danog/MadelineProto
API:            	Waiting for shared lock of serialization lockfile...
API:            	Shared lock acquired, deserializing...
[10-Jul-2019 23:45:41 Asia/Tashkent] Enabled PHP logging
[10-Jul-2019 23:45:41 Asia/Tashkent] Enabled PHP logging
[10-Jul-2019 23:45:42 Asia/Tashkent] Enabled PHP logging
APIFactory:     	Didn't serialize in a while, doing that now...
API:            	Serializing MadelineProto...
API:            	Waiting for exclusive lock of serialization lockfile...
API:            	Lock acquired, serializing
API:            	Done serializing
API:            	MadelineProto is ready!
Exception:      	end() expects parameter 1 to be array, null given in Files.php:350
API:            	Serializing MadelineProto...
API:            	Waiting for exclusive lock of serialization lockfile...
API:            	Lock acquired, serializing
API:            	Done serializing
[10-Jul-2019 23:48:03 Asia/Tashkent] Enabled PHP logging
[10-Jul-2019 23:48:04 Asia/Tashkent] Enabled PHP logging
Logger:         	MadelineProto
Logger:         	Copyright (C) 2016-2019 Daniil Gentili
Logger:         	Licensed under AGPLv3
Logger:         	https://github.com/danog/MadelineProto
API:            	Waiting for shared lock of serialization lockfile...
API:            	Shared lock acquired, deserializing...
[10-Jul-2019 23:48:04 Asia/Tashkent] Enabled PHP logging
[10-Jul-2019 23:48:04 Asia/Tashkent] Enabled PHP logging
[10-Jul-2019 23:48:05 Asia/Tashkent] Enabled PHP logging
APIFactory:     	Didn't serialize in a while, doing that now...
API:            	Serializing MadelineProto...
API:            	Waiting for exclusive lock of serialization lockfile...
API:            	Lock acquired, serializing
API:            	Done serializing
API:            	MadelineProto is ready!
API:            	Serializing MadelineProto...
API:            	Waiting for exclusive lock of serialization lockfile...
API:            	Lock acquired, serializing
API:            	Done serializing
[10-Jul-2019 23:51:41 Asia/Tashkent] Enabled PHP logging
[10-Jul-2019 23:51:42 Asia/Tashkent] Enabled PHP logging
Logger:         	MadelineProto
Logger:         	Copyright (C) 2016-2019 Daniil Gentili
Logger:         	Licensed under AGPLv3
Logger:         	https://github.com/danog/MadelineProto
API:            	Waiting for shared lock of serialization lockfile...
API:            	Shared lock acquired, deserializing...
[10-Jul-2019 23:51:42 Asia/Tashkent] Enabled PHP logging
[10-Jul-2019 23:51:42 Asia/Tashkent] Enabled PHP logging
[10-Jul-2019 23:51:43 Asia/Tashkent] Enabled PHP logging
APIFactory:     	Didn't serialize in a while, doing that now...
API:            	Serializing MadelineProto...
API:            	Waiting for exclusive lock of serialization lockfile...
API:            	Lock acquired, serializing
API:            	Done serializing
API:            	MadelineProto is ready!
API:            	Serializing MadelineProto...
API:            	Waiting for exclusive lock of serialization lockfile...
API:            	Lock acquired, serializing
API:            	Done serializing
[10-Jul-2019 23:55:48 Asia/Tashkent] Enabled PHP logging
[10-Jul-2019 23:55:48 Asia/Tashkent] Enabled PHP logging
Logger:         	MadelineProto
Logger:         	Copyright (C) 2016-2019 Daniil Gentili
Logger:         	Licensed under AGPLv3
Logger:         	https://github.com/danog/MadelineProto
API:            	Waiting for shared lock of serialization lockfile...
API:            	Shared lock acquired, deserializing...
[10-Jul-2019 23:55:48 Asia/Tashkent] Enabled PHP logging
[10-Jul-2019 23:55:48 Asia/Tashkent] Enabled PHP logging
[10-Jul-2019 23:55:50 Asia/Tashkent] Enabled PHP logging
APIFactory:     	Didn't serialize in a while, doing that now...
API:            	Serializing MadelineProto...
API:            	Waiting for exclusive lock of serialization lockfile...
API:            	Lock acquired, serializing
API:            	Done serializing
API:            	MadelineProto is ready!
Exception:      	Undefined variable: MadelineProto in web.php:25
API:            	Serializing MadelineProto...
API:            	Waiting for exclusive lock of serialization lockfile...
API:            	Lock acquired, serializing
API:            	Done serializing
[10-Jul-2019 23:56:01 Asia/Tashkent] Enabled PHP logging
[10-Jul-2019 23:56:02 Asia/Tashkent] Enabled PHP logging
Logger:         	MadelineProto
Logger:         	Copyright (C) 2016-2019 Daniil Gentili
Logger:         	Licensed under AGPLv3
Logger:         	https://github.com/danog/MadelineProto
API:            	Waiting for shared lock of serialization lockfile...
API:            	Shared lock acquired, deserializing...
[10-Jul-2019 23:56:02 Asia/Tashkent] Enabled PHP logging
[10-Jul-2019 23:56:02 Asia/Tashkent] Enabled PHP logging
[10-Jul-2019 23:56:03 Asia/Tashkent] Enabled PHP logging
APIFactory:     	Didn't serialize in a while, doing that now...
API:            	Serializing MadelineProto...
API:            	Waiting for exclusive lock of serialization lockfile...
API:            	Lock acquired, serializing
API:            	Done serializing
API:            	MadelineProto is ready!
Exception:      	Undefined index: _ in PeerHandler.php:358
API:            	Serializing MadelineProto...
API:            	Waiting for exclusive lock of serialization lockfile...
API:            	Lock acquired, serializing
API:            	Done serializing
[10-Jul-2019 23:56:26 Asia/Tashkent] Enabled PHP logging
[10-Jul-2019 23:56:27 Asia/Tashkent] Enabled PHP logging
Logger:         	MadelineProto
Logger:         	Copyright (C) 2016-2019 Daniil Gentili
Logger:         	Licensed under AGPLv3
Logger:         	https://github.com/danog/MadelineProto
API:            	Waiting for shared lock of serialization lockfile...
API:            	Shared lock acquired, deserializing...
[10-Jul-2019 23:56:27 Asia/Tashkent] Enabled PHP logging
[10-Jul-2019 23:56:27 Asia/Tashkent] Enabled PHP logging
[10-Jul-2019 23:56:28 Asia/Tashkent] Enabled PHP logging
APIFactory:     	Didn't serialize in a while, doing that now...
API:            	Serializing MadelineProto...
API:            	Waiting for exclusive lock of serialization lockfile...
API:            	Lock acquired, serializing
API:            	Done serializing
API:            	MadelineProto is ready!
API:            	Serializing MadelineProto...
API:            	Waiting for exclusive lock of serialization lockfile...
API:            	Lock acquired, serializing
API:            	Done serializing
[11-Jul-2019 00:00:39 Asia/Tashkent] Enabled PHP logging
[11-Jul-2019 00:00:40 Asia/Tashkent] Enabled PHP logging
Logger:         	MadelineProto
Logger:         	Copyright (C) 2016-2019 Daniil Gentili
Logger:         	Licensed under AGPLv3
Logger:         	https://github.com/danog/MadelineProto
API:            	Waiting for shared lock of serialization lockfile...
API:            	Shared lock acquired, deserializing...
[11-Jul-2019 00:00:40 Asia/Tashkent] Enabled PHP logging
[11-Jul-2019 00:00:40 Asia/Tashkent] Enabled PHP logging
[11-Jul-2019 00:00:41 Asia/Tashkent] Enabled PHP logging
APIFactory:     	Didn't serialize in a while, doing that now...
API:            	Serializing MadelineProto...
API:            	Waiting for exclusive lock of serialization lockfile...
API:            	Lock acquired, serializing
API:            	Done serializing
API:            	MadelineProto is ready!
Exception:      	Undefined index: dc_id in web.php:36
API:            	Serializing MadelineProto...
API:            	Waiting for exclusive lock of serialization lockfile...
API:            	Lock acquired, serializing
API:            	Done serializing
[11-Jul-2019 00:01:21 Asia/Tashkent] Enabled PHP logging
[11-Jul-2019 00:01:22 Asia/Tashkent] Enabled PHP logging
Logger:         	MadelineProto
Logger:         	Copyright (C) 2016-2019 Daniil Gentili
Logger:         	Licensed under AGPLv3
Logger:         	https://github.com/danog/MadelineProto
API:            	Waiting for shared lock of serialization lockfile...
API:            	Shared lock acquired, deserializing...
[11-Jul-2019 00:01:22 Asia/Tashkent] Enabled PHP logging
[11-Jul-2019 00:01:22 Asia/Tashkent] Enabled PHP logging
[11-Jul-2019 00:01:23 Asia/Tashkent] Enabled PHP logging
APIFactory:     	Didn't serialize in a while, doing that now...
API:            	Serializing MadelineProto...
API:            	Waiting for exclusive lock of serialization lockfile...
API:            	Lock acquired, serializing
API:            	Done serializing
API:            	MadelineProto is ready!
API:            	Serializing MadelineProto...
API:            	Waiting for exclusive lock of serialization lockfile...
API:            	Lock acquired, serializing
API:            	Done serializing
[11-Jul-2019 00:01:48 Asia/Tashkent] Enabled PHP logging
[11-Jul-2019 00:01:49 Asia/Tashkent] Enabled PHP logging
Logger:         	MadelineProto
Logger:         	Copyright (C) 2016-2019 Daniil Gentili
Logger:         	Licensed under AGPLv3
Logger:         	https://github.com/danog/MadelineProto
API:            	Waiting for shared lock of serialization lockfile...
API:            	Shared lock acquired, deserializing...
[11-Jul-2019 00:01:49 Asia/Tashkent] Enabled PHP logging
[11-Jul-2019 00:01:49 Asia/Tashkent] Enabled PHP logging
[11-Jul-2019 00:01:50 Asia/Tashkent] Enabled PHP logging
APIFactory:     	Didn't serialize in a while, doing that now...
API:            	Serializing MadelineProto...
API:            	Waiting for exclusive lock of serialization lockfile...
API:            	Lock acquired, serializing
API:            	Done serializing
API:            	MadelineProto is ready!
Exception:      	Undefined index: secret in web.php:37
API:            	Serializing MadelineProto...
API:            	Waiting for exclusive lock of serialization lockfile...
API:            	Lock acquired, serializing
API:            	Done serializing
[11-Jul-2019 00:02:35 Asia/Tashkent] Enabled PHP logging
[11-Jul-2019 00:02:36 Asia/Tashkent] Enabled PHP logging
Logger:         	MadelineProto
Logger:         	Copyright (C) 2016-2019 Daniil Gentili
Logger:         	Licensed under AGPLv3
Logger:         	https://github.com/danog/MadelineProto
API:            	Waiting for shared lock of serialization lockfile...
API:            	Shared lock acquired, deserializing...
[11-Jul-2019 00:02:36 Asia/Tashkent] Enabled PHP logging
[11-Jul-2019 00:02:36 Asia/Tashkent] Enabled PHP logging
[11-Jul-2019 00:02:37 Asia/Tashkent] Enabled PHP logging
APIFactory:     	Didn't serialize in a while, doing that now...
API:            	Serializing MadelineProto...
API:            	Waiting for exclusive lock of serialization lockfile...
API:            	Lock acquired, serializing
API:            	Done serializing
API:            	MadelineProto is ready!
API:            	Serializing MadelineProto...
API:            	Waiting for exclusive lock of serialization lockfile...
API:            	Lock acquired, serializing
API:            	Done serializing
[11-Jul-2019 00:03:00 Asia/Tashkent] Enabled PHP logging
[11-Jul-2019 00:03:01 Asia/Tashkent] Enabled PHP logging
Logger:         	MadelineProto
Logger:         	Copyright (C) 2016-2019 Daniil Gentili
Logger:         	Licensed under AGPLv3
Logger:         	https://github.com/danog/MadelineProto
API:            	Waiting for shared lock of serialization lockfile...
API:            	Shared lock acquired, deserializing...
[11-Jul-2019 00:03:01 Asia/Tashkent] Enabled PHP logging
[11-Jul-2019 00:03:01 Asia/Tashkent] Enabled PHP logging
[11-Jul-2019 00:03:02 Asia/Tashkent] Enabled PHP logging
APIFactory:     	Didn't serialize in a while, doing that now...
API:            	Serializing MadelineProto...
API:            	Waiting for exclusive lock of serialization lockfile...
API:            	Lock acquired, serializing
API:            	Done serializing
API:            	MadelineProto is ready!
Exception:      	Undefined variable: MP in web.php:47
API:            	Serializing MadelineProto...
API:            	Waiting for exclusive lock of serialization lockfile...
API:            	Lock acquired, serializing
API:            	Done serializing
[11-Jul-2019 00:03:13 Asia/Tashkent] Enabled PHP logging
[11-Jul-2019 00:03:14 Asia/Tashkent] Enabled PHP logging
Logger:         	MadelineProto
Logger:         	Copyright (C) 2016-2019 Daniil Gentili
Logger:         	Licensed under AGPLv3
Logger:         	https://github.com/danog/MadelineProto
API:            	Waiting for shared lock of serialization lockfile...
API:            	Shared lock acquired, deserializing...
[11-Jul-2019 00:03:14 Asia/Tashkent] Enabled PHP logging
[11-Jul-2019 00:03:14 Asia/Tashkent] Enabled PHP logging
[11-Jul-2019 00:03:15 Asia/Tashkent] Enabled PHP logging
APIFactory:     	Didn't serialize in a while, doing that now...
API:            	Serializing MadelineProto...
API:            	Waiting for exclusive lock of serialization lockfile...
API:            	Lock acquired, serializing
API:            	Done serializing
API:            	MadelineProto is ready!
Exception:      	end() expects parameter 1 to be array, null given in Files.php:350
API:            	Serializing MadelineProto...
API:            	Waiting for exclusive lock of serialization lockfile...
API:            	Lock acquired, serializing
API:            	Done serializing
[11-Jul-2019 00:04:34 Asia/Tashkent] Enabled PHP logging
[11-Jul-2019 00:04:35 Asia/Tashkent] Enabled PHP logging
Logger:         	MadelineProto
Logger:         	Copyright (C) 2016-2019 Daniil Gentili
Logger:         	Licensed under AGPLv3
Logger:         	https://github.com/danog/MadelineProto
API:            	Waiting for shared lock of serialization lockfile...
API:            	Shared lock acquired, deserializing...
[11-Jul-2019 00:04:35 Asia/Tashkent] Enabled PHP logging
[11-Jul-2019 00:04:35 Asia/Tashkent] Enabled PHP logging
[11-Jul-2019 00:04:37 Asia/Tashkent] Enabled PHP logging
APIFactory:     	Didn't serialize in a while, doing that now...
API:            	Serializing MadelineProto...
API:            	Waiting for exclusive lock of serialization lockfile...
API:            	Lock acquired, serializing
API:            	Done serializing
API:            	MadelineProto is ready!
Exception:      	end() expects parameter 1 to be array, null given in Files.php:350
API:            	Serializing MadelineProto...
API:            	Waiting for exclusive lock of serialization lockfile...
API:            	Lock acquired, serializing
API:            	Done serializing
[11-Jul-2019 00:05:00 Asia/Tashkent] Enabled PHP logging
[11-Jul-2019 00:05:01 Asia/Tashkent] Enabled PHP logging
Logger:         	MadelineProto
Logger:         	Copyright (C) 2016-2019 Daniil Gentili
Logger:         	Licensed under AGPLv3
Logger:         	https://github.com/danog/MadelineProto
API:            	Waiting for shared lock of serialization lockfile...
API:            	Shared lock acquired, deserializing...
[11-Jul-2019 00:05:01 Asia/Tashkent] Enabled PHP logging
[11-Jul-2019 00:05:01 Asia/Tashkent] Enabled PHP logging
[11-Jul-2019 00:05:03 Asia/Tashkent] Enabled PHP logging
APIFactory:     	Didn't serialize in a while, doing that now...
API:            	Serializing MadelineProto...
API:            	Waiting for exclusive lock of serialization lockfile...
API:            	Lock acquired, serializing
API:            	Done serializing
API:            	MadelineProto is ready!
API:            	Serializing MadelineProto...
API:            	Waiting for exclusive lock of serialization lockfile...
API:            	Lock acquired, serializing
API:            	Done serializing
[11-Jul-2019 00:05:11 Asia/Tashkent] Enabled PHP logging
[11-Jul-2019 00:05:12 Asia/Tashkent] Enabled PHP logging
Logger:         	MadelineProto
Logger:         	Copyright (C) 2016-2019 Daniil Gentili
Logger:         	Licensed under AGPLv3
Logger:         	https://github.com/danog/MadelineProto
API:            	Waiting for shared lock of serialization lockfile...
API:            	Shared lock acquired, deserializing...
[11-Jul-2019 00:05:12 Asia/Tashkent] Enabled PHP logging
[11-Jul-2019 00:05:12 Asia/Tashkent] Enabled PHP logging
[11-Jul-2019 00:05:13 Asia/Tashkent] Enabled PHP logging
APIFactory:     	Didn't serialize in a while, doing that now...
API:            	Serializing MadelineProto...
API:            	Waiting for exclusive lock of serialization lockfile...
API:            	Lock acquired, serializing
API:            	Done serializing
API:            	MadelineProto is ready!
API:            	Serializing MadelineProto...
API:            	Waiting for exclusive lock of serialization lockfile...
API:            	Lock acquired, serializing
API:            	Done serializing
[11-Jul-2019 00:05:29 Asia/Tashkent] Enabled PHP logging
[11-Jul-2019 00:05:30 Asia/Tashkent] Enabled PHP logging
Logger:         	MadelineProto
Logger:         	Copyright (C) 2016-2019 Daniil Gentili
Logger:         	Licensed under AGPLv3
Logger:         	https://github.com/danog/MadelineProto
API:            	Waiting for shared lock of serialization lockfile...
API:            	Shared lock acquired, deserializing...
[11-Jul-2019 00:05:30 Asia/Tashkent] Enabled PHP logging
[11-Jul-2019 00:05:30 Asia/Tashkent] Enabled PHP logging
[11-Jul-2019 00:05:31 Asia/Tashkent] Enabled PHP logging
APIFactory:     	Didn't serialize in a while, doing that now...
API:            	Serializing MadelineProto...
API:            	Waiting for exclusive lock of serialization lockfile...
API:            	Lock acquired, serializing
API:            	Done serializing
API:            	MadelineProto is ready!
Exception:      	end() expects parameter 1 to be array, null given in Files.php:350
API:            	Serializing MadelineProto...
API:            	Waiting for exclusive lock of serialization lockfile...
API:            	Lock acquired, serializing
API:            	Done serializing
[11-Jul-2019 00:34:21 Asia/Tashkent] Enabled PHP logging
[11-Jul-2019 00:34:21 Asia/Tashkent] Enabled PHP logging
Logger:         	MadelineProto
Logger:         	Copyright (C) 2016-2019 Daniil Gentili
Logger:         	Licensed under AGPLv3
Logger:         	https://github.com/danog/MadelineProto
API:            	Waiting for shared lock of serialization lockfile...
API:            	Shared lock acquired, deserializing...
[11-Jul-2019 00:34:21 Asia/Tashkent] Enabled PHP logging
[11-Jul-2019 00:34:21 Asia/Tashkent] Enabled PHP logging
[11-Jul-2019 00:34:23 Asia/Tashkent] Enabled PHP logging
APIFactory:     	Didn't serialize in a while, doing that now...
API:            	Serializing MadelineProto...
API:            	Waiting for exclusive lock of serialization lockfile...
API:            	Lock acquired, serializing
API:            	Done serializing
API:            	MadelineProto is ready!
API:            	Serializing MadelineProto...
API:            	Waiting for exclusive lock of serialization lockfile...
API:            	Lock acquired, serializing
API:            	Done serializing
[11-Jul-2019 00:34:53 Asia/Tashkent] Enabled PHP logging
[11-Jul-2019 00:34:54 Asia/Tashkent] Enabled PHP logging
Logger:         	MadelineProto
Logger:         	Copyright (C) 2016-2019 Daniil Gentili
Logger:         	Licensed under AGPLv3
Logger:         	https://github.com/danog/MadelineProto
API:            	Waiting for shared lock of serialization lockfile...
API:            	Shared lock acquired, deserializing...
[11-Jul-2019 00:34:54 Asia/Tashkent] Enabled PHP logging
[11-Jul-2019 00:34:54 Asia/Tashkent] Enabled PHP logging
[11-Jul-2019 00:34:55 Asia/Tashkent] Enabled PHP logging
APIFactory:     	Didn't serialize in a while, doing that now...
API:            	Serializing MadelineProto...
API:            	Waiting for exclusive lock of serialization lockfile...
API:            	Lock acquired, serializing
API:            	Done serializing
API:            	MadelineProto is ready!
API:            	Serializing MadelineProto...
API:            	Waiting for exclusive lock of serialization lockfile...
API:            	Lock acquired, serializing
API:            	Done serializing
[11-Jul-2019 00:35:49 Asia/Tashkent] Enabled PHP logging
[11-Jul-2019 00:35:50 Asia/Tashkent] Enabled PHP logging
Logger:         	MadelineProto
Logger:         	Copyright (C) 2016-2019 Daniil Gentili
Logger:         	Licensed under AGPLv3
Logger:         	https://github.com/danog/MadelineProto
API:            	Waiting for shared lock of serialization lockfile...
API:            	Shared lock acquired, deserializing...
[11-Jul-2019 00:35:50 Asia/Tashkent] Enabled PHP logging
[11-Jul-2019 00:35:50 Asia/Tashkent] Enabled PHP logging
[11-Jul-2019 00:35:51 Asia/Tashkent] Enabled PHP logging
APIFactory:     	Didn't serialize in a while, doing that now...
API:            	Serializing MadelineProto...
API:            	Waiting for exclusive lock of serialization lockfile...
API:            	Lock acquired, serializing
API:            	Done serializing
API:            	MadelineProto is ready!
API:            	Serializing MadelineProto...
API:            	Waiting for exclusive lock of serialization lockfile...
API:            	Lock acquired, serializing
API:            	Done serializing
[11-Jul-2019 00:36:22 Asia/Tashkent] Enabled PHP logging
[11-Jul-2019 00:36:23 Asia/Tashkent] Enabled PHP logging
Logger:         	MadelineProto
Logger:         	Copyright (C) 2016-2019 Daniil Gentili
Logger:         	Licensed under AGPLv3
Logger:         	https://github.com/danog/MadelineProto
API:            	Waiting for shared lock of serialization lockfile...
API:            	Shared lock acquired, deserializing...
[11-Jul-2019 00:36:23 Asia/Tashkent] Enabled PHP logging
[11-Jul-2019 00:36:23 Asia/Tashkent] Enabled PHP logging
[11-Jul-2019 00:36:24 Asia/Tashkent] Enabled PHP logging
APIFactory:     	Didn't serialize in a while, doing that now...
API:            	Serializing MadelineProto...
API:            	Waiting for exclusive lock of serialization lockfile...
API:            	Lock acquired, serializing
API:            	Done serializing
API:            	MadelineProto is ready!
API:            	Serializing MadelineProto...
API:            	Waiting for exclusive lock of serialization lockfile...
API:            	Lock acquired, serializing
API:            	Done serializing
[11-Jul-2019 00:36:52 Asia/Tashkent] Enabled PHP logging
[11-Jul-2019 00:36:53 Asia/Tashkent] Enabled PHP logging
Logger:         	MadelineProto
Logger:         	Copyright (C) 2016-2019 Daniil Gentili
Logger:         	Licensed under AGPLv3
Logger:         	https://github.com/danog/MadelineProto
API:            	Waiting for shared lock of serialization lockfile...
API:            	Shared lock acquired, deserializing...
[11-Jul-2019 00:36:54 Asia/Tashkent] Enabled PHP logging
[11-Jul-2019 00:36:54 Asia/Tashkent] Enabled PHP logging
[11-Jul-2019 00:36:55 Asia/Tashkent] Enabled PHP logging
APIFactory:     	Didn't serialize in a while, doing that now...
API:            	Serializing MadelineProto...
API:            	Waiting for exclusive lock of serialization lockfile...
API:            	Lock acquired, serializing
API:            	Done serializing
API:            	MadelineProto is ready!
Exception:      	Only variables should be passed by reference in Files.php:348
API:            	Serializing MadelineProto...
API:            	Waiting for exclusive lock of serialization lockfile...
API:            	Lock acquired, serializing
API:            	Done serializing
[11-Jul-2019 00:37:13 Asia/Tashkent] Enabled PHP logging
[11-Jul-2019 00:37:14 Asia/Tashkent] Enabled PHP logging
Logger:         	MadelineProto
Logger:         	Copyright (C) 2016-2019 Daniil Gentili
Logger:         	Licensed under AGPLv3
Logger:         	https://github.com/danog/MadelineProto
API:            	Waiting for shared lock of serialization lockfile...
API:            	Shared lock acquired, deserializing...
[11-Jul-2019 00:37:14 Asia/Tashkent] Enabled PHP logging
[11-Jul-2019 00:37:14 Asia/Tashkent] Enabled PHP logging
[11-Jul-2019 00:37:15 Asia/Tashkent] Enabled PHP logging
APIFactory:     	Didn't serialize in a while, doing that now...
API:            	Serializing MadelineProto...
API:            	Waiting for exclusive lock of serialization lockfile...
API:            	Lock acquired, serializing
API:            	Done serializing
API:            	MadelineProto is ready!
Exception:      	array_merge(): Argument #2 is not an array in Files.php:352
API:            	Serializing MadelineProto...
API:            	Waiting for exclusive lock of serialization lockfile...
API:            	Lock acquired, serializing
API:            	Done serializing
[11-Jul-2019 00:37:43 Asia/Tashkent] Enabled PHP logging
[11-Jul-2019 00:37:43 Asia/Tashkent] Enabled PHP logging
Logger:         	MadelineProto
Logger:         	Copyright (C) 2016-2019 Daniil Gentili
Logger:         	Licensed under AGPLv3
Logger:         	https://github.com/danog/MadelineProto
API:            	Waiting for shared lock of serialization lockfile...
API:            	Shared lock acquired, deserializing...
[11-Jul-2019 00:37:43 Asia/Tashkent] Enabled PHP logging
[11-Jul-2019 00:37:43 Asia/Tashkent] Enabled PHP logging
[11-Jul-2019 00:37:45 Asia/Tashkent] Enabled PHP logging
APIFactory:     	Didn't serialize in a while, doing that now...
API:            	Serializing MadelineProto...
API:            	Waiting for exclusive lock of serialization lockfile...
API:            	Lock acquired, serializing
API:            	Done serializing
API:            	MadelineProto is ready!
Exception:      	array_merge(): Argument #2 is not an array in Files.php:352
API:            	Serializing MadelineProto...
API:            	Waiting for exclusive lock of serialization lockfile...
API:            	Lock acquired, serializing
API:            	Done serializing
[11-Jul-2019 00:41:02 Asia/Tashkent] Enabled PHP logging
[11-Jul-2019 00:41:03 Asia/Tashkent] Enabled PHP logging
Logger:         	MadelineProto
Logger:         	Copyright (C) 2016-2019 Daniil Gentili
Logger:         	Licensed under AGPLv3
Logger:         	https://github.com/danog/MadelineProto
API:            	Waiting for shared lock of serialization lockfile...
API:            	Shared lock acquired, deserializing...
[11-Jul-2019 00:41:03 Asia/Tashkent] Enabled PHP logging
[11-Jul-2019 00:41:03 Asia/Tashkent] Enabled PHP logging
[11-Jul-2019 00:41:04 Asia/Tashkent] Enabled PHP logging
APIFactory:     	Didn't serialize in a while, doing that now...
API:            	Serializing MadelineProto...
API:            	Waiting for exclusive lock of serialization lockfile...
API:            	Lock acquired, serializing
API:            	Done serializing
API:            	MadelineProto is ready!
API:            	Serializing MadelineProto...
API:            	Waiting for exclusive lock of serialization lockfile...
API:            	Lock acquired, serializing
API:            	Done serializing
[11-Jul-2019 00:41:38 Asia/Tashkent] Enabled PHP logging
[11-Jul-2019 00:41:39 Asia/Tashkent] Enabled PHP logging
Logger:         	MadelineProto
Logger:         	Copyright (C) 2016-2019 Daniil Gentili
Logger:         	Licensed under AGPLv3
Logger:         	https://github.com/danog/MadelineProto
API:            	Waiting for shared lock of serialization lockfile...
API:            	Shared lock acquired, deserializing...
[11-Jul-2019 00:41:39 Asia/Tashkent] Enabled PHP logging
[11-Jul-2019 00:41:39 Asia/Tashkent] Enabled PHP logging
[11-Jul-2019 00:41:40 Asia/Tashkent] Enabled PHP logging
APIFactory:     	Didn't serialize in a while, doing that now...
API:            	Serializing MadelineProto...
API:            	Waiting for exclusive lock of serialization lockfile...
API:            	Lock acquired, serializing
API:            	Done serializing
API:            	MadelineProto is ready!
API:            	Serializing MadelineProto...
API:            	Waiting for exclusive lock of serialization lockfile...
API:            	Lock acquired, serializing
API:            	Done serializing
[11-Jul-2019 00:42:07 Asia/Tashkent] Enabled PHP logging
[11-Jul-2019 00:42:08 Asia/Tashkent] Enabled PHP logging
Logger:         	MadelineProto
Logger:         	Copyright (C) 2016-2019 Daniil Gentili
Logger:         	Licensed under AGPLv3
Logger:         	https://github.com/danog/MadelineProto
API:            	Waiting for shared lock of serialization lockfile...
API:            	Shared lock acquired, deserializing...
[11-Jul-2019 00:42:08 Asia/Tashkent] Enabled PHP logging
[11-Jul-2019 00:42:08 Asia/Tashkent] Enabled PHP logging
[11-Jul-2019 00:42:09 Asia/Tashkent] Enabled PHP logging
APIFactory:     	Didn't serialize in a while, doing that now...
API:            	Serializing MadelineProto...
API:            	Waiting for exclusive lock of serialization lockfile...
API:            	Lock acquired, serializing
API:            	Done serializing
API:            	MadelineProto is ready!
Exception:      	Undefined index: photo in Files.php:351
API:            	Serializing MadelineProto...
API:            	Waiting for exclusive lock of serialization lockfile...
API:            	Lock acquired, serializing
API:            	Done serializing
[11-Jul-2019 00:42:22 Asia/Tashkent] Enabled PHP logging
[11-Jul-2019 00:42:23 Asia/Tashkent] Enabled PHP logging
Logger:         	MadelineProto
Logger:         	Copyright (C) 2016-2019 Daniil Gentili
Logger:         	Licensed under AGPLv3
Logger:         	https://github.com/danog/MadelineProto
API:            	Waiting for shared lock of serialization lockfile...
API:            	Shared lock acquired, deserializing...
[11-Jul-2019 00:42:23 Asia/Tashkent] Enabled PHP logging
[11-Jul-2019 00:42:23 Asia/Tashkent] Enabled PHP logging
[11-Jul-2019 00:42:24 Asia/Tashkent] Enabled PHP logging
APIFactory:     	Didn't serialize in a while, doing that now...
API:            	Serializing MadelineProto...
API:            	Waiting for exclusive lock of serialization lockfile...
API:            	Lock acquired, serializing
API:            	Done serializing
API:            	MadelineProto is ready!
API:            	Serializing MadelineProto...
API:            	Waiting for exclusive lock of serialization lockfile...
API:            	Lock acquired, serializing
API:            	Done serializing
[11-Jul-2019 00:42:38 Asia/Tashkent] Enabled PHP logging
[11-Jul-2019 00:42:39 Asia/Tashkent] Enabled PHP logging
Logger:         	MadelineProto
Logger:         	Copyright (C) 2016-2019 Daniil Gentili
Logger:         	Licensed under AGPLv3
Logger:         	https://github.com/danog/MadelineProto
API:            	Waiting for shared lock of serialization lockfile...
API:            	Shared lock acquired, deserializing...
[11-Jul-2019 00:42:39 Asia/Tashkent] Enabled PHP logging
[11-Jul-2019 00:42:39 Asia/Tashkent] Enabled PHP logging
[11-Jul-2019 00:42:40 Asia/Tashkent] Enabled PHP logging
APIFactory:     	Didn't serialize in a while, doing that now...
API:            	Serializing MadelineProto...
API:            	Waiting for exclusive lock of serialization lockfile...
API:            	Lock acquired, serializing
API:            	Done serializing
API:            	MadelineProto is ready!
Exception:      	array_merge(): Argument #2 is not an array in Files.php:352
API:            	Serializing MadelineProto...
API:            	Waiting for exclusive lock of serialization lockfile...
API:            	Lock acquired, serializing
API:            	Done serializing
[11-Jul-2019 00:42:52 Asia/Tashkent] Enabled PHP logging
[11-Jul-2019 00:42:53 Asia/Tashkent] Enabled PHP logging
Logger:         	MadelineProto
Logger:         	Copyright (C) 2016-2019 Daniil Gentili
Logger:         	Licensed under AGPLv3
Logger:         	https://github.com/danog/MadelineProto
API:            	Waiting for shared lock of serialization lockfile...
API:            	Shared lock acquired, deserializing...
[11-Jul-2019 00:42:53 Asia/Tashkent] Enabled PHP logging
[11-Jul-2019 00:42:53 Asia/Tashkent] Enabled PHP logging
[11-Jul-2019 00:42:54 Asia/Tashkent] Enabled PHP logging
APIFactory:     	Didn't serialize in a while, doing that now...
API:            	Serializing MadelineProto...
API:            	Waiting for exclusive lock of serialization lockfile...
API:            	Lock acquired, serializing
API:            	Done serializing
API:            	MadelineProto is ready!
Exception:      	Undefined index: access_hash in Files.php:358
API:            	Serializing MadelineProto...
API:            	Waiting for exclusive lock of serialization lockfile...
API:            	Lock acquired, serializing
API:            	Done serializing
[11-Jul-2019 00:43:23 Asia/Tashkent] Enabled PHP logging
[11-Jul-2019 00:43:24 Asia/Tashkent] Enabled PHP logging
Logger:         	MadelineProto
Logger:         	Copyright (C) 2016-2019 Daniil Gentili
Logger:         	Licensed under AGPLv3
Logger:         	https://github.com/danog/MadelineProto
API:            	Waiting for shared lock of serialization lockfile...
API:            	Shared lock acquired, deserializing...
[11-Jul-2019 00:43:24 Asia/Tashkent] Enabled PHP logging
[11-Jul-2019 00:43:24 Asia/Tashkent] Enabled PHP logging
[11-Jul-2019 00:43:25 Asia/Tashkent] Enabled PHP logging
APIFactory:     	Didn't serialize in a while, doing that now...
API:            	Serializing MadelineProto...
API:            	Waiting for exclusive lock of serialization lockfile...
API:            	Lock acquired, serializing
API:            	Done serializing
API:            	MadelineProto is ready!
Exception:      	Undefined index: id in Files.php:359
API:            	Serializing MadelineProto...
API:            	Waiting for exclusive lock of serialization lockfile...
API:            	Lock acquired, serializing
API:            	Done serializing
[11-Jul-2019 00:43:57 Asia/Tashkent] Enabled PHP logging
[11-Jul-2019 00:43:57 Asia/Tashkent] Enabled PHP logging
Logger:         	MadelineProto
Logger:         	Copyright (C) 2016-2019 Daniil Gentili
Logger:         	Licensed under AGPLv3
Logger:         	https://github.com/danog/MadelineProto
API:            	Waiting for shared lock of serialization lockfile...
API:            	Shared lock acquired, deserializing...
[11-Jul-2019 00:43:57 Asia/Tashkent] Enabled PHP logging
[11-Jul-2019 00:43:57 Asia/Tashkent] Enabled PHP logging
[11-Jul-2019 00:43:59 Asia/Tashkent] Enabled PHP logging
APIFactory:     	Didn't serialize in a while, doing that now...
API:            	Serializing MadelineProto...
API:            	Waiting for exclusive lock of serialization lockfile...
API:            	Lock acquired, serializing
API:            	Done serializing
API:            	MadelineProto is ready!
Exception:      	Undefined index: id in ReferenceDatabase.php:570
API:            	Serializing MadelineProto...
API:            	Waiting for exclusive lock of serialization lockfile...
API:            	Lock acquired, serializing
API:            	Done serializing
[11-Jul-2019 00:53:02 Asia/Tashkent] Enabled PHP logging
[11-Jul-2019 00:53:03 Asia/Tashkent] Enabled PHP logging
Logger:         	MadelineProto
Logger:         	Copyright (C) 2016-2019 Daniil Gentili
Logger:         	Licensed under AGPLv3
Logger:         	https://github.com/danog/MadelineProto
API:            	Waiting for shared lock of serialization lockfile...
API:            	Shared lock acquired, deserializing...
[11-Jul-2019 00:53:03 Asia/Tashkent] Enabled PHP logging
[11-Jul-2019 00:53:03 Asia/Tashkent] Enabled PHP logging
Exception:      	Undefined variable: user in web.php:24
[11-Jul-2019 00:53:04 Asia/Tashkent] Enabled PHP logging
APIFactory:     	Didn't serialize in a while, doing that now...
API:            	Serializing MadelineProto...
API:            	Waiting for exclusive lock of serialization lockfile...
API:            	Lock acquired, serializing
API:            	Done serializing
API:            	MadelineProto is ready!
API:            	Serializing MadelineProto...
API:            	Waiting for exclusive lock of serialization lockfile...
API:            	Lock acquired, serializing
API:            	Done serializing
[11-Jul-2019 00:53:18 Asia/Tashkent] Enabled PHP logging
[11-Jul-2019 00:53:19 Asia/Tashkent] Enabled PHP logging
Logger:         	MadelineProto
Logger:         	Copyright (C) 2016-2019 Daniil Gentili
Logger:         	Licensed under AGPLv3
Logger:         	https://github.com/danog/MadelineProto
API:            	Waiting for shared lock of serialization lockfile...
API:            	Shared lock acquired, deserializing...
[11-Jul-2019 00:53:19 Asia/Tashkent] Enabled PHP logging
[11-Jul-2019 00:53:19 Asia/Tashkent] Enabled PHP logging
[11-Jul-2019 00:53:20 Asia/Tashkent] Enabled PHP logging
APIFactory:     	Didn't serialize in a while, doing that now...
API:            	Serializing MadelineProto...
API:            	Waiting for exclusive lock of serialization lockfile...
API:            	Lock acquired, serializing
API:            	Done serializing
API:            	MadelineProto is ready!
API:            	Serializing MadelineProto...
API:            	Waiting for exclusive lock of serialization lockfile...
API:            	Lock acquired, serializing
API:            	Done serializing
[11-Jul-2019 00:53:46 Asia/Tashkent] Enabled PHP logging
[11-Jul-2019 00:53:47 Asia/Tashkent] Enabled PHP logging
Logger:         	MadelineProto
Logger:         	Copyright (C) 2016-2019 Daniil Gentili
Logger:         	Licensed under AGPLv3
Logger:         	https://github.com/danog/MadelineProto
API:            	Waiting for shared lock of serialization lockfile...
API:            	Shared lock acquired, deserializing...
[11-Jul-2019 00:53:47 Asia/Tashkent] Enabled PHP logging
[11-Jul-2019 00:53:47 Asia/Tashkent] Enabled PHP logging
[11-Jul-2019 00:53:48 Asia/Tashkent] Enabled PHP logging
APIFactory:     	Didn't serialize in a while, doing that now...
API:            	Serializing MadelineProto...
API:            	Waiting for exclusive lock of serialization lockfile...
API:            	Lock acquired, serializing
API:            	Done serializing
API:            	MadelineProto is ready!
API:            	Serializing MadelineProto...
API:            	Waiting for exclusive lock of serialization lockfile...
API:            	Lock acquired, serializing
API:            	Done serializing
[11-Jul-2019 00:54:46 Asia/Tashkent] Enabled PHP logging
[11-Jul-2019 00:54:47 Asia/Tashkent] Enabled PHP logging
Logger:         	MadelineProto
Logger:         	Copyright (C) 2016-2019 Daniil Gentili
Logger:         	Licensed under AGPLv3
Logger:         	https://github.com/danog/MadelineProto
API:            	Waiting for shared lock of serialization lockfile...
API:            	Shared lock acquired, deserializing...
[11-Jul-2019 00:54:47 Asia/Tashkent] Enabled PHP logging
[11-Jul-2019 00:54:47 Asia/Tashkent] Enabled PHP logging
[11-Jul-2019 00:54:48 Asia/Tashkent] Enabled PHP logging
APIFactory:     	Didn't serialize in a while, doing that now...
API:            	Serializing MadelineProto...
API:            	Waiting for exclusive lock of serialization lockfile...
API:            	Lock acquired, serializing
API:            	Done serializing
API:            	MadelineProto is ready!
API:            	Serializing MadelineProto...
API:            	Waiting for exclusive lock of serialization lockfile...
API:            	Lock acquired, serializing
API:            	Done serializing
[11-Jul-2019 00:55:20 Asia/Tashkent] Enabled PHP logging
[11-Jul-2019 00:55:21 Asia/Tashkent] Enabled PHP logging
Logger:         	MadelineProto
Logger:         	Copyright (C) 2016-2019 Daniil Gentili
Logger:         	Licensed under AGPLv3
Logger:         	https://github.com/danog/MadelineProto
API:            	Waiting for shared lock of serialization lockfile...
API:            	Shared lock acquired, deserializing...
[11-Jul-2019 00:55:21 Asia/Tashkent] Enabled PHP logging
[11-Jul-2019 00:55:21 Asia/Tashkent] Enabled PHP logging
[11-Jul-2019 00:55:22 Asia/Tashkent] Enabled PHP logging
APIFactory:     	Didn't serialize in a while, doing that now...
API:            	Serializing MadelineProto...
API:            	Waiting for exclusive lock of serialization lockfile...
API:            	Lock acquired, serializing
API:            	Done serializing
API:            	MadelineProto is ready!
Exception:      	Undefined index: profile_photo in web.php:25
API:            	Serializing MadelineProto...
API:            	Waiting for exclusive lock of serialization lockfile...
API:            	Lock acquired, serializing
API:            	Done serializing
[11-Jul-2019 00:55:31 Asia/Tashkent] Enabled PHP logging
[11-Jul-2019 00:55:32 Asia/Tashkent] Enabled PHP logging
Logger:         	MadelineProto
Logger:         	Copyright (C) 2016-2019 Daniil Gentili
Logger:         	Licensed under AGPLv3
Logger:         	https://github.com/danog/MadelineProto
API:            	Waiting for shared lock of serialization lockfile...
API:            	Shared lock acquired, deserializing...
[11-Jul-2019 00:55:32 Asia/Tashkent] Enabled PHP logging
[11-Jul-2019 00:55:32 Asia/Tashkent] Enabled PHP logging
[11-Jul-2019 00:55:33 Asia/Tashkent] Enabled PHP logging
APIFactory:     	Didn't serialize in a while, doing that now...
API:            	Serializing MadelineProto...
API:            	Waiting for exclusive lock of serialization lockfile...
API:            	Lock acquired, serializing
API:            	Done serializing
API:            	MadelineProto is ready!
API:            	Serializing MadelineProto...
API:            	Waiting for exclusive lock of serialization lockfile...
API:            	Lock acquired, serializing
API:            	Done serializing
[11-Jul-2019 00:56:22 Asia/Tashkent] Enabled PHP logging
[11-Jul-2019 00:56:23 Asia/Tashkent] Enabled PHP logging
Logger:         	MadelineProto
Logger:         	Copyright (C) 2016-2019 Daniil Gentili
Logger:         	Licensed under AGPLv3
Logger:         	https://github.com/danog/MadelineProto
API:            	Waiting for shared lock of serialization lockfile...
API:            	Shared lock acquired, deserializing...
[11-Jul-2019 00:56:23 Asia/Tashkent] Enabled PHP logging
[11-Jul-2019 00:56:23 Asia/Tashkent] Enabled PHP logging
[11-Jul-2019 00:56:24 Asia/Tashkent] Enabled PHP logging
APIFactory:     	Didn't serialize in a while, doing that now...
API:            	Serializing MadelineProto...
API:            	Waiting for exclusive lock of serialization lockfile...
API:            	Lock acquired, serializing
API:            	Done serializing
API:            	MadelineProto is ready!
API:            	Serializing MadelineProto...
API:            	Waiting for exclusive lock of serialization lockfile...
API:            	Lock acquired, serializing
API:            	Done serializing
[11-Jul-2019 00:57:18 Asia/Tashkent] Enabled PHP logging
[11-Jul-2019 00:57:19 Asia/Tashkent] Enabled PHP logging
Logger:         	MadelineProto
Logger:         	Copyright (C) 2016-2019 Daniil Gentili
Logger:         	Licensed under AGPLv3
Logger:         	https://github.com/danog/MadelineProto
API:            	Waiting for shared lock of serialization lockfile...
API:            	Shared lock acquired, deserializing...
[11-Jul-2019 00:57:19 Asia/Tashkent] Enabled PHP logging
[11-Jul-2019 00:57:19 Asia/Tashkent] Enabled PHP logging
[11-Jul-2019 00:57:20 Asia/Tashkent] Enabled PHP logging
APIFactory:     	Didn't serialize in a while, doing that now...
API:            	Serializing MadelineProto...
API:            	Waiting for exclusive lock of serialization lockfile...
API:            	Lock acquired, serializing
API:            	Done serializing
API:            	MadelineProto is ready!
API:            	Serializing MadelineProto...
API:            	Waiting for exclusive lock of serialization lockfile...
API:            	Lock acquired, serializing
API:            	Done serializing
[11-Jul-2019 00:57:37 Asia/Tashkent] Enabled PHP logging
[11-Jul-2019 00:57:38 Asia/Tashkent] Enabled PHP logging
Logger:         	MadelineProto
Logger:         	Copyright (C) 2016-2019 Daniil Gentili
Logger:         	Licensed under AGPLv3
Logger:         	https://github.com/danog/MadelineProto
API:            	Waiting for shared lock of serialization lockfile...
API:            	Shared lock acquired, deserializing...
[11-Jul-2019 00:57:38 Asia/Tashkent] Enabled PHP logging
[11-Jul-2019 00:57:38 Asia/Tashkent] Enabled PHP logging
[11-Jul-2019 00:57:39 Asia/Tashkent] Enabled PHP logging
APIFactory:     	Didn't serialize in a while, doing that now...
API:            	Serializing MadelineProto...
API:            	Waiting for exclusive lock of serialization lockfile...
API:            	Lock acquired, serializing
API:            	Done serializing
API:            	MadelineProto is ready!
API:            	Serializing MadelineProto...
API:            	Waiting for exclusive lock of serialization lockfile...
API:            	Lock acquired, serializing
API:            	Done serializing
[11-Jul-2019 00:57:54 Asia/Tashkent] Enabled PHP logging
[11-Jul-2019 00:57:55 Asia/Tashkent] Enabled PHP logging
Logger:         	MadelineProto
Logger:         	Copyright (C) 2016-2019 Daniil Gentili
Logger:         	Licensed under AGPLv3
Logger:         	https://github.com/danog/MadelineProto
API:            	Waiting for shared lock of serialization lockfile...
API:            	Shared lock acquired, deserializing...
[11-Jul-2019 00:57:55 Asia/Tashkent] Enabled PHP logging
[11-Jul-2019 00:57:55 Asia/Tashkent] Enabled PHP logging
[11-Jul-2019 00:57:56 Asia/Tashkent] Enabled PHP logging
APIFactory:     	Didn't serialize in a while, doing that now...
API:            	Serializing MadelineProto...
API:            	Waiting for exclusive lock of serialization lockfile...
API:            	Lock acquired, serializing
API:            	Done serializing
API:            	MadelineProto is ready!
API:            	Serializing MadelineProto...
API:            	Waiting for exclusive lock of serialization lockfile...
API:            	Lock acquired, serializing
API:            	Done serializing
[11-Jul-2019 00:58:21 Asia/Tashkent] Enabled PHP logging
[11-Jul-2019 00:58:22 Asia/Tashkent] Enabled PHP logging
Logger:         	MadelineProto
Logger:         	Copyright (C) 2016-2019 Daniil Gentili
Logger:         	Licensed under AGPLv3
Logger:         	https://github.com/danog/MadelineProto
API:            	Waiting for shared lock of serialization lockfile...
API:            	Shared lock acquired, deserializing...
[11-Jul-2019 00:58:22 Asia/Tashkent] Enabled PHP logging
[11-Jul-2019 00:58:22 Asia/Tashkent] Enabled PHP logging
[11-Jul-2019 00:58:23 Asia/Tashkent] Enabled PHP logging
APIFactory:     	Didn't serialize in a while, doing that now...
API:            	Serializing MadelineProto...
API:            	Waiting for exclusive lock of serialization lockfile...
API:            	Lock acquired, serializing
API:            	Done serializing
API:            	MadelineProto is ready!
Exception:      	array_merge(): Argument #2 is not an array in Files.php:352
API:            	Serializing MadelineProto...
API:            	Waiting for exclusive lock of serialization lockfile...
API:            	Lock acquired, serializing
API:            	Done serializing
[11-Jul-2019 00:59:08 Asia/Tashkent] Enabled PHP logging
[11-Jul-2019 00:59:09 Asia/Tashkent] Enabled PHP logging
Logger:         	MadelineProto
Logger:         	Copyright (C) 2016-2019 Daniil Gentili
Logger:         	Licensed under AGPLv3
Logger:         	https://github.com/danog/MadelineProto
API:            	Waiting for shared lock of serialization lockfile...
API:            	Shared lock acquired, deserializing...
[11-Jul-2019 00:59:09 Asia/Tashkent] Enabled PHP logging
[11-Jul-2019 00:59:09 Asia/Tashkent] Enabled PHP logging
[11-Jul-2019 00:59:10 Asia/Tashkent] Enabled PHP logging
APIFactory:     	Didn't serialize in a while, doing that now...
API:            	Serializing MadelineProto...
API:            	Waiting for exclusive lock of serialization lockfile...
API:            	Lock acquired, serializing
API:            	Done serializing
API:            	MadelineProto is ready!
API:            	Serializing MadelineProto...
API:            	Waiting for exclusive lock of serialization lockfile...
API:            	Lock acquired, serializing
API:            	Done serializing
[11-Jul-2019 00:59:40 Asia/Tashkent] Enabled PHP logging
[11-Jul-2019 00:59:41 Asia/Tashkent] Enabled PHP logging
Logger:         	MadelineProto
Logger:         	Copyright (C) 2016-2019 Daniil Gentili
Logger:         	Licensed under AGPLv3
Logger:         	https://github.com/danog/MadelineProto
API:            	Waiting for shared lock of serialization lockfile...
API:            	Shared lock acquired, deserializing...
[11-Jul-2019 00:59:41 Asia/Tashkent] Enabled PHP logging
[11-Jul-2019 00:59:41 Asia/Tashkent] Enabled PHP logging
[11-Jul-2019 00:59:42 Asia/Tashkent] Enabled PHP logging
APIFactory:     	Didn't serialize in a while, doing that now...
API:            	Serializing MadelineProto...
API:            	Waiting for exclusive lock of serialization lockfile...
API:            	Lock acquired, serializing
API:            	Done serializing
API:            	MadelineProto is ready!
API:            	Serializing MadelineProto...
API:            	Waiting for exclusive lock of serialization lockfile...
API:            	Lock acquired, serializing
API:            	Done serializing
[11-Jul-2019 01:00:17 Asia/Tashkent] Enabled PHP logging
[11-Jul-2019 01:00:18 Asia/Tashkent] Enabled PHP logging
Logger:         	MadelineProto
Logger:         	Copyright (C) 2016-2019 Daniil Gentili
Logger:         	Licensed under AGPLv3
Logger:         	https://github.com/danog/MadelineProto
API:            	Waiting for shared lock of serialization lockfile...
API:            	Shared lock acquired, deserializing...
[11-Jul-2019 01:00:18 Asia/Tashkent] Enabled PHP logging
[11-Jul-2019 01:00:18 Asia/Tashkent] Enabled PHP logging
[11-Jul-2019 01:00:19 Asia/Tashkent] Enabled PHP logging
APIFactory:     	Didn't serialize in a while, doing that now...
API:            	Serializing MadelineProto...
API:            	Waiting for exclusive lock of serialization lockfile...
API:            	Lock acquired, serializing
API:            	Done serializing
API:            	MadelineProto is ready!
Exception:      	Undefined index: profile_photo in web.php:25
API:            	Serializing MadelineProto...
API:            	Waiting for exclusive lock of serialization lockfile...
API:            	Lock acquired, serializing
API:            	Done serializing
[11-Jul-2019 01:00:35 Asia/Tashkent] Enabled PHP logging
[11-Jul-2019 01:00:36 Asia/Tashkent] Enabled PHP logging
Logger:         	MadelineProto
Logger:         	Copyright (C) 2016-2019 Daniil Gentili
Logger:         	Licensed under AGPLv3
Logger:         	https://github.com/danog/MadelineProto
API:            	Waiting for shared lock of serialization lockfile...
API:            	Shared lock acquired, deserializing...
[11-Jul-2019 01:00:36 Asia/Tashkent] Enabled PHP logging
[11-Jul-2019 01:00:36 Asia/Tashkent] Enabled PHP logging
[11-Jul-2019 01:00:37 Asia/Tashkent] Enabled PHP logging
APIFactory:     	Didn't serialize in a while, doing that now...
API:            	Serializing MadelineProto...
API:            	Waiting for exclusive lock of serialization lockfile...
API:            	Lock acquired, serializing
API:            	Done serializing
API:            	MadelineProto is ready!
API:            	Serializing MadelineProto...
API:            	Waiting for exclusive lock of serialization lockfile...
API:            	Lock acquired, serializing
API:            	Done serializing
[11-Jul-2019 01:01:04 Asia/Tashkent] Enabled PHP logging
[11-Jul-2019 01:01:04 Asia/Tashkent] Enabled PHP logging
Logger:         	MadelineProto
Logger:         	Copyright (C) 2016-2019 Daniil Gentili
Logger:         	Licensed under AGPLv3
Logger:         	https://github.com/danog/MadelineProto
API:            	Waiting for shared lock of serialization lockfile...
API:            	Shared lock acquired, deserializing...
[11-Jul-2019 01:01:04 Asia/Tashkent] Enabled PHP logging
[11-Jul-2019 01:01:04 Asia/Tashkent] Enabled PHP logging
[11-Jul-2019 01:01:06 Asia/Tashkent] Enabled PHP logging
APIFactory:     	Didn't serialize in a while, doing that now...
API:            	Serializing MadelineProto...
API:            	Waiting for exclusive lock of serialization lockfile...
API:            	Lock acquired, serializing
API:            	Done serializing
API:            	MadelineProto is ready!
API:            	Serializing MadelineProto...
API:            	Waiting for exclusive lock of serialization lockfile...
API:            	Lock acquired, serializing
API:            	Done serializing
[11-Jul-2019 01:02:41 Asia/Tashkent] Enabled PHP logging
[11-Jul-2019 01:02:42 Asia/Tashkent] Enabled PHP logging
Logger:         	MadelineProto
Logger:         	Copyright (C) 2016-2019 Daniil Gentili
Logger:         	Licensed under AGPLv3
Logger:         	https://github.com/danog/MadelineProto
API:            	Waiting for shared lock of serialization lockfile...
API:            	Shared lock acquired, deserializing...
[11-Jul-2019 01:02:42 Asia/Tashkent] Enabled PHP logging
[11-Jul-2019 01:02:42 Asia/Tashkent] Enabled PHP logging
[11-Jul-2019 01:02:43 Asia/Tashkent] Enabled PHP logging
APIFactory:     	Didn't serialize in a while, doing that now...
API:            	Serializing MadelineProto...
API:            	Waiting for exclusive lock of serialization lockfile...
API:            	Lock acquired, serializing
API:            	Done serializing
API:            	MadelineProto is ready!
API:            	Serializing MadelineProto...
API:            	Waiting for exclusive lock of serialization lockfile...
API:            	Lock acquired, serializing
API:            	Done serializing
[11-Jul-2019 11:16:46 Asia/Tashkent] Enabled PHP logging
[11-Jul-2019 11:16:47 Asia/Tashkent] Enabled PHP logging
Logger:         	MadelineProto
Logger:         	Copyright (C) 2016-2019 Daniil Gentili
Logger:         	Licensed under AGPLv3
Logger:         	https://github.com/danog/MadelineProto
API:            	Waiting for shared lock of serialization lockfile...
API:            	Shared lock acquired, deserializing...
[11-Jul-2019 11:16:47 Asia/Tashkent] Enabled PHP logging
[11-Jul-2019 11:16:47 Asia/Tashkent] Enabled PHP logging
[11-Jul-2019 11:16:49 Asia/Tashkent] Enabled PHP logging
APIFactory:     	Didn't serialize in a while, doing that now...
API:            	Serializing MadelineProto...
API:            	Waiting for exclusive lock of serialization lockfile...
API:            	Lock acquired, serializing
API:            	Done serializing
API:            	MadelineProto is ready!
API:            	Serializing MadelineProto...
API:            	Waiting for exclusive lock of serialization lockfile...
API:            	Lock acquired, serializing
API:            	Done serializing
[11-Jul-2019 11:17:50 Asia/Tashkent] Enabled PHP logging
[11-Jul-2019 11:17:51 Asia/Tashkent] Enabled PHP logging
Logger:         	MadelineProto
Logger:         	Copyright (C) 2016-2019 Daniil Gentili
Logger:         	Licensed under AGPLv3
Logger:         	https://github.com/danog/MadelineProto
API:            	Waiting for shared lock of serialization lockfile...
API:            	Shared lock acquired, deserializing...
[11-Jul-2019 11:17:51 Asia/Tashkent] Enabled PHP logging
[11-Jul-2019 11:17:51 Asia/Tashkent] Enabled PHP logging
[11-Jul-2019 11:17:52 Asia/Tashkent] Enabled PHP logging
APIFactory:     	Didn't serialize in a while, doing that now...
API:            	Serializing MadelineProto...
API:            	Waiting for exclusive lock of serialization lockfile...
API:            	Lock acquired, serializing
API:            	Done serializing
API:            	MadelineProto is ready!
Exception:      	This peer is not present in the internal peer database in PeerHandler.php:478
API:            	Serializing MadelineProto...
API:            	Waiting for exclusive lock of serialization lockfile...
API:            	Lock acquired, serializing
API:            	Done serializing
[11-Jul-2019 11:18:08 Asia/Tashkent] Enabled PHP logging
[11-Jul-2019 11:18:09 Asia/Tashkent] Enabled PHP logging
Logger:         	MadelineProto
Logger:         	Copyright (C) 2016-2019 Daniil Gentili
Logger:         	Licensed under AGPLv3
Logger:         	https://github.com/danog/MadelineProto
API:            	Waiting for shared lock of serialization lockfile...
API:            	Shared lock acquired, deserializing...
[11-Jul-2019 11:18:09 Asia/Tashkent] Enabled PHP logging
[11-Jul-2019 11:18:09 Asia/Tashkent] Enabled PHP logging
[11-Jul-2019 11:18:10 Asia/Tashkent] Enabled PHP logging
APIFactory:     	Didn't serialize in a while, doing that now...
API:            	Serializing MadelineProto...
API:            	Waiting for exclusive lock of serialization lockfile...
API:            	Lock acquired, serializing
API:            	Done serializing
API:            	MadelineProto is ready!
API:            	Serializing MadelineProto...
API:            	Waiting for exclusive lock of serialization lockfile...
API:            	Lock acquired, serializing
API:            	Done serializing
[11-Jul-2019 11:18:42 Asia/Tashkent] Enabled PHP logging
[11-Jul-2019 11:18:42 Asia/Tashkent] Enabled PHP logging
Logger:         	MadelineProto
Logger:         	Copyright (C) 2016-2019 Daniil Gentili
Logger:         	Licensed under AGPLv3
Logger:         	https://github.com/danog/MadelineProto
API:            	Waiting for shared lock of serialization lockfile...
API:            	Shared lock acquired, deserializing...
[11-Jul-2019 11:18:42 Asia/Tashkent] Enabled PHP logging
[11-Jul-2019 11:18:42 Asia/Tashkent] Enabled PHP logging
[11-Jul-2019 11:18:44 Asia/Tashkent] Enabled PHP logging
APIFactory:     	Didn't serialize in a while, doing that now...
API:            	Serializing MadelineProto...
API:            	Waiting for exclusive lock of serialization lockfile...
API:            	Lock acquired, serializing
API:            	Done serializing
API:            	MadelineProto is ready!
API:            	Serializing MadelineProto...
API:            	Waiting for exclusive lock of serialization lockfile...
API:            	Lock acquired, serializing
API:            	Done serializing
[11-Jul-2019 11:20:02 Asia/Tashkent] Enabled PHP logging
[11-Jul-2019 11:20:03 Asia/Tashkent] Enabled PHP logging
Logger:         	MadelineProto
Logger:         	Copyright (C) 2016-2019 Daniil Gentili
Logger:         	Licensed under AGPLv3
Logger:         	https://github.com/danog/MadelineProto
API:            	Waiting for shared lock of serialization lockfile...
API:            	Shared lock acquired, deserializing...
[11-Jul-2019 11:20:03 Asia/Tashkent] Enabled PHP logging
[11-Jul-2019 11:20:03 Asia/Tashkent] Enabled PHP logging
[11-Jul-2019 11:20:04 Asia/Tashkent] Enabled PHP logging
APIFactory:     	Didn't serialize in a while, doing that now...
API:            	Serializing MadelineProto...
API:            	Waiting for exclusive lock of serialization lockfile...
API:            	Lock acquired, serializing
API:            	Done serializing
API:            	MadelineProto is ready!
API:            	Serializing MadelineProto...
API:            	Waiting for exclusive lock of serialization lockfile...
API:            	Lock acquired, serializing
API:            	Done serializing
[13-Jul-2019 22:16:33 Asia/Tashkent] Enabled PHP logging
[13-Jul-2019 22:16:34 Asia/Tashkent] Enabled PHP logging
Logger:         	MadelineProto
Logger:         	Copyright (C) 2016-2019 Daniil Gentili
Logger:         	Licensed under AGPLv3
Logger:         	https://github.com/danog/MadelineProto
API:            	Waiting for shared lock of serialization lockfile...
API:            	Shared lock acquired, deserializing...
[13-Jul-2019 22:16:34 Asia/Tashkent] Enabled PHP logging
[13-Jul-2019 22:16:34 Asia/Tashkent] Enabled PHP logging
[13-Jul-2019 22:16:35 Asia/Tashkent] Enabled PHP logging
APIFactory:     	Didn't serialize in a while, doing that now...
API:            	Serializing MadelineProto...
API:            	Waiting for exclusive lock of serialization lockfile...
API:            	Lock acquired, serializing
API:            	Done serializing
API:            	MadelineProto is ready!
API:            	Serializing MadelineProto...
API:            	Waiting for exclusive lock of serialization lockfile...
API:            	Lock acquired, serializing
API:            	Done serializing
[13-Jul-2019 22:16:48 Asia/Tashkent] Enabled PHP logging
[13-Jul-2019 22:16:49 Asia/Tashkent] Enabled PHP logging
Logger:         	MadelineProto
Logger:         	Copyright (C) 2016-2019 Daniil Gentili
Logger:         	Licensed under AGPLv3
Logger:         	https://github.com/danog/MadelineProto
API:            	Waiting for shared lock of serialization lockfile...
API:            	Shared lock acquired, deserializing...
[13-Jul-2019 22:16:49 Asia/Tashkent] Enabled PHP logging
[13-Jul-2019 22:16:49 Asia/Tashkent] Enabled PHP logging
[13-Jul-2019 22:16:50 Asia/Tashkent] Enabled PHP logging
APIFactory:     	Didn't serialize in a while, doing that now...
API:            	Serializing MadelineProto...
API:            	Waiting for exclusive lock of serialization lockfile...
API:            	Lock acquired, serializing
API:            	Done serializing
API:            	MadelineProto is ready!
API:            	Serializing MadelineProto...
API:            	Waiting for exclusive lock of serialization lockfile...
API:            	Lock acquired, serializing
API:            	Done serializing
[13-Jul-2019 23:33:50 Asia/Tashkent] Enabled PHP logging
[13-Jul-2019 23:33:51 Asia/Tashkent] Enabled PHP logging
Logger:         	MadelineProto
Logger:         	Copyright (C) 2016-2019 Daniil Gentili
Logger:         	Licensed under AGPLv3
Logger:         	https://github.com/danog/MadelineProto
API:            	Waiting for shared lock of serialization lockfile...
API:            	Shared lock acquired, deserializing...
[13-Jul-2019 23:33:51 Asia/Tashkent] Enabled PHP logging
[13-Jul-2019 23:33:51 Asia/Tashkent] Enabled PHP logging
[13-Jul-2019 23:33:52 Asia/Tashkent] Enabled PHP logging
APIFactory:     	Didn't serialize in a while, doing that now...
API:            	Serializing MadelineProto...
API:            	Waiting for exclusive lock of serialization lockfile...
API:            	Lock acquired, serializing
API:            	Done serializing
API:            	MadelineProto is ready!
API:            	Serializing MadelineProto...
API:            	Waiting for exclusive lock of serialization lockfile...
API:            	Lock acquired, serializing
API:            	Done serializing
[14-Jul-2019 20:34:51 Asia/Tashkent] Enabled PHP logging
[14-Jul-2019 20:34:52 Asia/Tashkent] Enabled PHP logging
Logger:         	MadelineProto
Logger:         	Copyright (C) 2016-2019 Daniil Gentili
Logger:         	Licensed under AGPLv3
Logger:         	https://github.com/danog/MadelineProto
API:            	Waiting for shared lock of serialization lockfile...
API:            	Shared lock acquired, deserializing...
[14-Jul-2019 20:34:53 Asia/Tashkent] Enabled PHP logging
[14-Jul-2019 20:34:53 Asia/Tashkent] Enabled PHP logging
[14-Jul-2019 20:34:57 Asia/Tashkent] Enabled PHP logging
APIFactory:     	Didn't serialize in a while, doing that now...
API:            	Serializing MadelineProto...
API:            	Waiting for exclusive lock of serialization lockfile...
API:            	Lock acquired, serializing
API:            	Done serializing
API:            	MadelineProto is ready!
API:            	Serializing MadelineProto...
API:            	Waiting for exclusive lock of serialization lockfile...
API:            	Lock acquired, serializing
API:            	Done serializing
[15-Jul-2019 00:16:54 Asia/Tashkent] Enabled PHP logging
[15-Jul-2019 00:16:55 Asia/Tashkent] Enabled PHP logging
Logger:         	MadelineProto
Logger:         	Copyright (C) 2016-2019 Daniil Gentili
Logger:         	Licensed under AGPLv3
Logger:         	https://github.com/danog/MadelineProto
API:            	Waiting for shared lock of serialization lockfile...
API:            	Shared lock acquired, deserializing...
[15-Jul-2019 00:16:56 Asia/Tashkent] Enabled PHP logging
[15-Jul-2019 00:16:56 Asia/Tashkent] Enabled PHP logging
[15-Jul-2019 00:16:59 Asia/Tashkent] Enabled PHP logging
APIFactory:     	Didn't serialize in a while, doing that now...
API:            	Serializing MadelineProto...
API:            	Waiting for exclusive lock of serialization lockfile...
API:            	Lock acquired, serializing
API:            	Done serializing
API:            	MadelineProto is ready!
API:            	Serializing MadelineProto...
API:            	Waiting for exclusive lock of serialization lockfile...
API:            	Lock acquired, serializing
API:            	Done serializing
[15-Jul-2019 22:06:37 Asia/Tashkent] Enabled PHP logging
[15-Jul-2019 22:06:38 Asia/Tashkent] Enabled PHP logging
Logger:         	MadelineProto
Logger:         	Copyright (C) 2016-2019 Daniil Gentili
Logger:         	Licensed under AGPLv3
Logger:         	https://github.com/danog/MadelineProto
API:            	Waiting for shared lock of serialization lockfile...
API:            	Shared lock acquired, deserializing...
[15-Jul-2019 22:06:38 Asia/Tashkent] Enabled PHP logging
[15-Jul-2019 22:06:38 Asia/Tashkent] Enabled PHP logging
[15-Jul-2019 22:06:40 Asia/Tashkent] Enabled PHP logging
APIFactory:     	Didn't serialize in a while, doing that now...
API:            	Serializing MadelineProto...
API:            	Waiting for exclusive lock of serialization lockfile...
API:            	Lock acquired, serializing
API:            	Done serializing
API:            	MadelineProto is ready!
API:            	Serializing MadelineProto...
API:            	Waiting for exclusive lock of serialization lockfile...
API:            	Lock acquired, serializing
API:            	Done serializing
[15-Jul-2019 23:25:39 Asia/Tashkent] Enabled PHP logging
[15-Jul-2019 23:25:41 Asia/Tashkent] Enabled PHP logging
Logger:         	MadelineProto
Logger:         	Copyright (C) 2016-2019 Daniil Gentili
Logger:         	Licensed under AGPLv3
Logger:         	https://github.com/danog/MadelineProto
API:            	Waiting for shared lock of serialization lockfile...
API:            	Shared lock acquired, deserializing...
[15-Jul-2019 23:25:41 Asia/Tashkent] Enabled PHP logging
[15-Jul-2019 23:25:41 Asia/Tashkent] Enabled PHP logging
[15-Jul-2019 23:25:43 Asia/Tashkent] Enabled PHP logging
APIFactory:     	Didn't serialize in a while, doing that now...
API:            	Serializing MadelineProto...
API:            	Waiting for exclusive lock of serialization lockfile...
API:            	Lock acquired, serializing
API:            	Done serializing
API:            	MadelineProto is ready!
API:            	Serializing MadelineProto...
API:            	Waiting for exclusive lock of serialization lockfile...
API:            	Lock acquired, serializing
API:            	Done serializing
[16-Jul-2019 12:47:32 Asia/Tashkent] Enabled PHP logging
[16-Jul-2019 12:47:33 Asia/Tashkent] Enabled PHP logging
Logger:         	MadelineProto
Logger:         	Copyright (C) 2016-2019 Daniil Gentili
Logger:         	Licensed under AGPLv3
Logger:         	https://github.com/danog/MadelineProto
API:            	Waiting for shared lock of serialization lockfile...
API:            	Shared lock acquired, deserializing...
[16-Jul-2019 12:47:34 Asia/Tashkent] Enabled PHP logging
[16-Jul-2019 12:47:34 Asia/Tashkent] Enabled PHP logging
[16-Jul-2019 12:47:38 Asia/Tashkent] Enabled PHP logging
APIFactory:     	Didn't serialize in a while, doing that now...
API:            	Serializing MadelineProto...
API:            	Waiting for exclusive lock of serialization lockfile...
API:            	Lock acquired, serializing
API:            	Done serializing
API:            	MadelineProto is ready!
API:            	Serializing MadelineProto...
API:            	Waiting for exclusive lock of serialization lockfile...
API:            	Lock acquired, serializing
API:            	Done serializing
